<?xml version="1.0" encoding="UTF-8"?>
<testsuite name="betPawa.wallet.FundsControllerTests" tests="1" skipped="0" failures="1" errors="0" timestamp="2019-03-20T16:59:17" hostname="Akshays-MacBook-Pro.local" time="0.596">
  <properties/>
  <testcase name="testCheckBalance" classname="betPawa.wallet.FundsControllerTests" time="0.596">
    <failure message="java.lang.AssertionError: &#10;Expected: content&#10;     but none found&#10; ; &#10;Expected: first&#10;     but none found&#10; ; &#10;Expected: last&#10;     but none found&#10; ; &#10;Expected: number&#10;     but none found&#10; ; &#10;Expected: numberOfElements&#10;     but none found&#10; ; &#10;Expected: pageable&#10;     but none found&#10; ; &#10;Expected: size&#10;     but none found&#10; ; &#10;Expected: sort&#10;     but none found&#10; ; &#10;Expected: totalElements&#10;     but none found&#10; ; &#10;Expected: totalPages&#10;     but none found&#10;" type="java.lang.AssertionError">java.lang.AssertionError: 
Expected: content
     but none found
 ; 
Expected: first
     but none found
 ; 
Expected: last
     but none found
 ; 
Expected: number
     but none found
 ; 
Expected: numberOfElements
     but none found
 ; 
Expected: pageable
     but none found
 ; 
Expected: size
     but none found
 ; 
Expected: sort
     but none found
 ; 
Expected: totalElements
     but none found
 ; 
Expected: totalPages
     but none found

	at org.skyscreamer.jsonassert.JSONAssert.assertEquals(JSONAssert.java:417)
	at org.skyscreamer.jsonassert.JSONAssert.assertEquals(JSONAssert.java:394)
	at org.skyscreamer.jsonassert.JSONAssert.assertEquals(JSONAssert.java:336)
	at betPawa.wallet.FundsControllerTests.testCheckBalance(FundsControllerTests.java:85)
	at sun.reflect.NativeMethodAccessorImpl.invoke0(Native Method)
	at sun.reflect.NativeMethodAccessorImpl.invoke(NativeMethodAccessorImpl.java:62)
	at sun.reflect.DelegatingMethodAccessorImpl.invoke(DelegatingMethodAccessorImpl.java:43)
	at java.lang.reflect.Method.invoke(Method.java:498)
	at org.junit.runners.model.FrameworkMethod$1.runReflectiveCall(FrameworkMethod.java:50)
	at org.junit.internal.runners.model.ReflectiveCallable.run(ReflectiveCallable.java:12)
	at org.junit.runners.model.FrameworkMethod.invokeExplosively(FrameworkMethod.java:47)
	at org.junit.internal.runners.statements.InvokeMethod.evaluate(InvokeMethod.java:17)
	at org.springframework.test.context.junit4.statements.RunBeforeTestExecutionCallbacks.evaluate(RunBeforeTestExecutionCallbacks.java:73)
	at org.springframework.test.context.junit4.statements.RunAfterTestExecutionCallbacks.evaluate(RunAfterTestExecutionCallbacks.java:83)
	at org.springframework.test.context.junit4.statements.RunBeforeTestMethodCallbacks.evaluate(RunBeforeTestMethodCallbacks.java:75)
	at org.springframework.test.context.junit4.statements.RunAfterTestMethodCallbacks.evaluate(RunAfterTestMethodCallbacks.java:86)
	at org.springframework.test.context.junit4.statements.SpringRepeat.evaluate(SpringRepeat.java:84)
	at org.junit.runners.ParentRunner.runLeaf(ParentRunner.java:325)
	at org.springframework.test.context.junit4.SpringJUnit4ClassRunner.runChild(SpringJUnit4ClassRunner.java:251)
	at org.springframework.test.context.junit4.SpringJUnit4ClassRunner.runChild(SpringJUnit4ClassRunner.java:97)
	at org.junit.runners.ParentRunner$3.run(ParentRunner.java:290)
	at org.junit.runners.ParentRunner$1.schedule(ParentRunner.java:71)
	at org.junit.runners.ParentRunner.runChildren(ParentRunner.java:288)
	at org.junit.runners.ParentRunner.access$000(ParentRunner.java:58)
	at org.junit.runners.ParentRunner$2.evaluate(ParentRunner.java:268)
	at org.springframework.test.context.junit4.statements.RunBeforeTestClassCallbacks.evaluate(RunBeforeTestClassCallbacks.java:61)
	at org.springframework.test.context.junit4.statements.RunAfterTestClassCallbacks.evaluate(RunAfterTestClassCallbacks.java:70)
	at org.junit.runners.ParentRunner.run(ParentRunner.java:363)
	at org.springframework.test.context.junit4.SpringJUnit4ClassRunner.run(SpringJUnit4ClassRunner.java:190)
	at org.gradle.api.internal.tasks.testing.junit.JUnitTestClassExecuter.runTestClass(JUnitTestClassExecuter.java:114)
	at org.gradle.api.internal.tasks.testing.junit.JUnitTestClassExecuter.execute(JUnitTestClassExecuter.java:57)
	at org.gradle.api.internal.tasks.testing.junit.JUnitTestClassProcessor.processTestClass(JUnitTestClassProcessor.java:66)
	at org.gradle.api.internal.tasks.testing.SuiteTestClassProcessor.processTestClass(SuiteTestClassProcessor.java:51)
	at sun.reflect.NativeMethodAccessorImpl.invoke0(Native Method)
	at sun.reflect.NativeMethodAccessorImpl.invoke(NativeMethodAccessorImpl.java:62)
	at sun.reflect.DelegatingMethodAccessorImpl.invoke(DelegatingMethodAccessorImpl.java:43)
	at java.lang.reflect.Method.invoke(Method.java:498)
	at org.gradle.internal.dispatch.ReflectionDispatch.dispatch(ReflectionDispatch.java:35)
	at org.gradle.internal.dispatch.ReflectionDispatch.dispatch(ReflectionDispatch.java:24)
	at org.gradle.internal.dispatch.ContextClassLoaderDispatch.dispatch(ContextClassLoaderDispatch.java:32)
	at org.gradle.internal.dispatch.ProxyDispatchAdapter$DispatchingInvocationHandler.invoke(ProxyDispatchAdapter.java:93)
	at com.sun.proxy.$Proxy1.processTestClass(Unknown Source)
	at org.gradle.api.internal.tasks.testing.worker.TestWorker.processTestClass(TestWorker.java:108)
	at sun.reflect.NativeMethodAccessorImpl.invoke0(Native Method)
	at sun.reflect.NativeMethodAccessorImpl.invoke(NativeMethodAccessorImpl.java:62)
	at sun.reflect.DelegatingMethodAccessorImpl.invoke(DelegatingMethodAccessorImpl.java:43)
	at java.lang.reflect.Method.invoke(Method.java:498)
	at org.gradle.internal.dispatch.ReflectionDispatch.dispatch(ReflectionDispatch.java:35)
	at org.gradle.internal.dispatch.ReflectionDispatch.dispatch(ReflectionDispatch.java:24)
	at org.gradle.internal.remote.internal.hub.MessageHubBackedObjectConnection$DispatchWrapper.dispatch(MessageHubBackedObjectConnection.java:146)
	at org.gradle.internal.remote.internal.hub.MessageHubBackedObjectConnection$DispatchWrapper.dispatch(MessageHubBackedObjectConnection.java:128)
	at org.gradle.internal.remote.internal.hub.MessageHub$Handler.run(MessageHub.java:404)
	at org.gradle.internal.concurrent.ExecutorPolicy$CatchAndRecordFailures.onExecute(ExecutorPolicy.java:63)
	at org.gradle.internal.concurrent.ManagedExecutorImpl$1.run(ManagedExecutorImpl.java:46)
	at java.util.concurrent.ThreadPoolExecutor.runWorker(ThreadPoolExecutor.java:1142)
	at java.util.concurrent.ThreadPoolExecutor$Worker.run(ThreadPoolExecutor.java:617)
	at org.gradle.internal.concurrent.ThreadFactoryImpl$ManagedThreadRunnable.run(ThreadFactoryImpl.java:55)
	at java.lang.Thread.run(Thread.java:745)
</failure>
  </testcase>
  <system-out><![CDATA[
  .   ____          _            __ _ _
 /\\ / ___'_ __ _ _(_)_ __  __ _ \ \ \ \
( ( )\___ | '_ | '_| | '_ \/ _` | \ \ \ \
 \\/  ___)| |_)| | | | | || (_| |  ) ) ) )
  '  |____| .__|_| |_|_| |_\__, | / / / /
 =========|_|==============|___/=/_/_/_/
 :: Spring Boot ::        (v2.0.3.RELEASE)

]]></system-out>
  <system-err><![CDATA[157 [Test worker] INFO org.springframework.boot.test.context.SpringBootTestContextBootstrapper - Neither @ContextConfiguration nor @ContextHierarchy found for test class [betPawa.wallet.FundsControllerTests], using SpringBootContextLoader
162 [Test worker] INFO org.springframework.test.context.support.AbstractContextLoader - Could not detect default resource locations for test class [betPawa.wallet.FundsControllerTests]: no resource found for suffixes {-context.xml, Context.groovy}.
513 [Test worker] INFO org.springframework.boot.test.context.SpringBootTestContextBootstrapper - Loaded default TestExecutionListener class names from location [META-INF/spring.factories]: [org.springframework.boot.test.autoconfigure.restdocs.RestDocsTestExecutionListener, org.springframework.boot.test.autoconfigure.web.client.MockRestServiceServerResetTestExecutionListener, org.springframework.boot.test.autoconfigure.web.servlet.MockMvcPrintOnlyOnFailureTestExecutionListener, org.springframework.boot.test.autoconfigure.web.servlet.WebDriverTestExecutionListener, org.springframework.boot.test.mock.mockito.MockitoTestExecutionListener, org.springframework.boot.test.mock.mockito.ResetMocksTestExecutionListener, org.springframework.test.context.web.ServletTestExecutionListener, org.springframework.test.context.support.DirtiesContextBeforeModesTestExecutionListener, org.springframework.test.context.support.DependencyInjectionTestExecutionListener, org.springframework.test.context.support.DirtiesContextTestExecutionListener, org.springframework.test.context.transaction.TransactionalTestExecutionListener, org.springframework.test.context.jdbc.SqlScriptsTestExecutionListener]
543 [Test worker] INFO org.springframework.boot.test.context.SpringBootTestContextBootstrapper - Using TestExecutionListeners: [org.springframework.test.context.web.ServletTestExecutionListener@694c5e7, org.springframework.test.context.support.DirtiesContextBeforeModesTestExecutionListener@486d6a8e, org.springframework.boot.test.mock.mockito.MockitoTestExecutionListener@2063093e, org.springframework.boot.test.autoconfigure.SpringBootDependencyInjectionTestExecutionListener@647cbf81, org.springframework.test.context.support.DirtiesContextTestExecutionListener@4467f514, org.springframework.test.context.transaction.TransactionalTestExecutionListener@677dce0c, org.springframework.test.context.jdbc.SqlScriptsTestExecutionListener@5fef0124, org.springframework.boot.test.autoconfigure.restdocs.RestDocsTestExecutionListener@5eee3def, org.springframework.boot.test.autoconfigure.web.client.MockRestServiceServerResetTestExecutionListener@25dabc73, org.springframework.boot.test.autoconfigure.web.servlet.MockMvcPrintOnlyOnFailureTestExecutionListener@2cde1b6a, org.springframework.boot.test.autoconfigure.web.servlet.WebDriverTestExecutionListener@b1fd9f4, org.springframework.boot.test.mock.mockito.ResetMocksTestExecutionListener@24b19c3d]
1561 [Test worker] INFO betPawa.wallet.FundsControllerTests - Starting FundsControllerTests on Akshays-MacBook-Pro.local with PID 39590 (started by akshay in /Users/akshay/IdeaProjects/bPwallet)
1563 [Test worker] INFO betPawa.wallet.FundsControllerTests - No active profile set, falling back to default profiles: default
1615 [Test worker] INFO org.springframework.boot.web.servlet.context.AnnotationConfigServletWebServerApplicationContext - Refreshing org.springframework.boot.web.servlet.context.AnnotationConfigServletWebServerApplicationContext@48dff7e8: startup date [Wed Mar 20 22:29:08 IST 2019]; root of context hierarchy
3735 [Test worker] INFO org.springframework.context.support.PostProcessorRegistrationDelegate$BeanPostProcessorChecker - Bean 'org.springframework.transaction.annotation.ProxyTransactionManagementConfiguration' of type [org.springframework.transaction.annotation.ProxyTransactionManagementConfiguration$$EnhancerBySpringCGLIB$$3bf64280] is not eligible for getting processed by all BeanPostProcessors (for example: not eligible for auto-proxying)
4377 [Test worker] INFO org.springframework.boot.web.embedded.tomcat.TomcatWebServer - Tomcat initialized with port(s): 0 (http)
Mar 20, 2019 10:29:11 PM org.apache.catalina.core.StandardService startInternal
INFO: Starting service [Tomcat]
Mar 20, 2019 10:29:11 PM org.apache.catalina.core.StandardEngine startInternal
INFO: Starting Servlet Engine: Apache Tomcat/8.5.31
Mar 20, 2019 10:29:11 PM org.apache.catalina.core.AprLifecycleListener lifecycleEvent
INFO: The APR based Apache Tomcat Native library which allows optimal performance in production environments was not found on the java.library.path: [/Users/akshay/Library/Java/Extensions:/Library/Java/Extensions:/Network/Library/Java/Extensions:/System/Library/Java/Extensions:/usr/lib/java:.]
Mar 20, 2019 10:29:12 PM org.apache.catalina.core.ApplicationContext log
INFO: Initializing Spring embedded WebApplicationContext
4726 [localhost-startStop-1] INFO org.springframework.web.context.ContextLoader - Root WebApplicationContext: initialization completed in 3121 ms
4972 [localhost-startStop-1] INFO org.springframework.boot.web.servlet.ServletRegistrationBean - Servlet dispatcherServlet mapped to [/]
4977 [localhost-startStop-1] INFO org.springframework.boot.web.servlet.FilterRegistrationBean - Mapping filter: 'characterEncodingFilter' to: [/*]
4979 [localhost-startStop-1] INFO org.springframework.boot.web.servlet.FilterRegistrationBean - Mapping filter: 'hiddenHttpMethodFilter' to: [/*]
4980 [localhost-startStop-1] INFO org.springframework.boot.web.servlet.FilterRegistrationBean - Mapping filter: 'httpPutFormContentFilter' to: [/*]
4980 [localhost-startStop-1] INFO org.springframework.boot.web.servlet.FilterRegistrationBean - Mapping filter: 'requestContextFilter' to: [/*]
Loading class `com.mysql.jdbc.Driver'. This is deprecated. The new driver class is `com.mysql.cj.jdbc.Driver'. The driver is automatically registered via the SPI and manual loading of the driver class is generally unnecessary.
5283 [Test worker] INFO com.zaxxer.hikari.HikariDataSource - HikariPool-1 - Starting...
5288 [Test worker] WARN com.zaxxer.hikari.util.DriverDataSource - Registered driver with driverClassName=com.mysql.jdbc.Driver was not found, trying direct instantiation.
5938 [Test worker] INFO com.zaxxer.hikari.HikariDataSource - HikariPool-1 - Start completed.
6016 [Test worker] INFO org.springframework.orm.jpa.LocalContainerEntityManagerFactoryBean - Building JPA container EntityManagerFactory for persistence unit 'default'
Mar 20, 2019 10:29:13 PM org.hibernate.jpa.internal.util.LogHelper logPersistenceUnitInformation
INFO: HHH000204: Processing PersistenceUnitInfo [
	name: default
	...]
Mar 20, 2019 10:29:13 PM org.hibernate.Version logVersion
INFO: HHH000412: Hibernate Core {5.2.17.Final}
Mar 20, 2019 10:29:13 PM org.hibernate.cfg.Environment <clinit>
INFO: HHH000206: hibernate.properties not found
Mar 20, 2019 10:29:13 PM org.hibernate.annotations.common.reflection.java.JavaReflectionManager <clinit>
INFO: HCANN000001: Hibernate Commons Annotations {5.0.1.Final}
Mar 20, 2019 10:29:13 PM org.hibernate.dialect.Dialect <init>
INFO: HHH000400: Using dialect: org.hibernate.dialect.MySQL5InnoDBDialect
7618 [Test worker] INFO org.springframework.orm.jpa.LocalContainerEntityManagerFactoryBean - Initialized JPA EntityManagerFactory for persistence unit 'default'
8429 [Test worker] INFO org.springframework.web.servlet.handler.SimpleUrlHandlerMapping - Mapped URL path [/**/favicon.ico] onto handler of type [class org.springframework.web.servlet.resource.ResourceHttpRequestHandler]
8931 [Test worker] INFO org.springframework.web.servlet.mvc.method.annotation.RequestMappingHandlerAdapter - Looking for @ControllerAdvice: org.springframework.boot.web.servlet.context.AnnotationConfigServletWebServerApplicationContext@48dff7e8: startup date [Wed Mar 20 22:29:08 IST 2019]; root of context hierarchy
9024 [Test worker] WARN org.springframework.boot.autoconfigure.orm.jpa.JpaBaseConfiguration$JpaWebConfiguration$JpaWebMvcConfiguration - spring.jpa.open-in-view is enabled by default. Therefore, database queries may be performed during view rendering. Explicitly configure spring.jpa.open-in-view to disable this warning
9079 [Test worker] INFO org.springframework.web.servlet.mvc.method.annotation.RequestMappingHandlerMapping - Mapped "{[/deposit],methods=[POST]}" onto public void betPawa.wallet.controller.FundsController.depositUserWallet(betPawa.wallet.user.DepositRequest)
9080 [Test worker] INFO org.springframework.web.servlet.mvc.method.annotation.RequestMappingHandlerMapping - Mapped "{[/withdraw],methods=[POST]}" onto public void betPawa.wallet.controller.FundsController.withdrawUserWallet(betPawa.wallet.user.DepositRequest)
9081 [Test worker] INFO org.springframework.web.servlet.mvc.method.annotation.RequestMappingHandlerMapping - Mapped "{[/balance],methods=[GET]}" onto public org.springframework.data.domain.Page<betPawa.wallet.model.Funds> betPawa.wallet.controller.FundsController.getFundsByUserId(java.lang.Long,org.springframework.data.domain.Pageable)
9083 [Test worker] INFO org.springframework.web.servlet.mvc.method.annotation.RequestMappingHandlerMapping - Mapped "{[/users],methods=[GET]}" onto public java.util.List<betPawa.wallet.user.User> betPawa.wallet.controller.UserController.getAllUsers()
9087 [Test worker] INFO org.springframework.web.servlet.mvc.method.annotation.RequestMappingHandlerMapping - Mapped "{[/users],methods=[POST]}" onto public betPawa.wallet.user.User betPawa.wallet.controller.UserController.createUser(betPawa.wallet.user.User)
9088 [Test worker] INFO org.springframework.web.servlet.mvc.method.annotation.RequestMappingHandlerMapping - Mapped "{[/get/{id}],methods=[GET]}" onto public betPawa.wallet.user.User betPawa.wallet.controller.UserController.getUserById(java.lang.Long)
9093 [Test worker] INFO org.springframework.web.servlet.mvc.method.annotation.RequestMappingHandlerMapping - Mapped "{[/error]}" onto public org.springframework.http.ResponseEntity<java.util.Map<java.lang.String, java.lang.Object>> org.springframework.boot.autoconfigure.web.servlet.error.BasicErrorController.error(javax.servlet.http.HttpServletRequest)
9096 [Test worker] INFO org.springframework.web.servlet.mvc.method.annotation.RequestMappingHandlerMapping - Mapped "{[/error],produces=[text/html]}" onto public org.springframework.web.servlet.ModelAndView org.springframework.boot.autoconfigure.web.servlet.error.BasicErrorController.errorHtml(javax.servlet.http.HttpServletRequest,javax.servlet.http.HttpServletResponse)
9136 [Test worker] INFO org.springframework.web.servlet.handler.BeanNameUrlHandlerMapping - Mapped URL path [/wallet] onto handler '/wallet'
9149 [Test worker] INFO org.springframework.web.servlet.handler.SimpleUrlHandlerMapping - Mapped URL path [/webjars/**] onto handler of type [class org.springframework.web.servlet.resource.ResourceHttpRequestHandler]
9149 [Test worker] INFO org.springframework.web.servlet.handler.SimpleUrlHandlerMapping - Mapped URL path [/**] onto handler of type [class org.springframework.web.servlet.resource.ResourceHttpRequestHandler]
9982 [Test worker] INFO org.springframework.boot.web.embedded.tomcat.TomcatWebServer - Tomcat started on port(s): 53273 (http) with context path ''
9988 [Test worker] INFO betPawa.wallet.FundsControllerTests - Started FundsControllerTests in 9.046 seconds (JVM running for 10.831)
Mar 20, 2019 10:29:17 PM org.apache.catalina.core.ApplicationContext log
INFO: Initializing Spring FrameworkServlet 'dispatcherServlet'
10301 [http-nio-auto-1-exec-1] INFO org.springframework.web.servlet.DispatcherServlet - FrameworkServlet 'dispatcherServlet': initialization started
10359 [http-nio-auto-1-exec-1] INFO org.springframework.web.servlet.DispatcherServlet - FrameworkServlet 'dispatcherServlet': initialization completed in 56 ms
]]></system-err>
</testsuite>
